To jest nowy log INFO 2024-02-13T14:06:47.129817+0100 
To jest nowy log INFO 2024-02-13T14:06:58.228970+0100 
To jest nowy log INFO 2024-02-13T14:07:14.050499+0100 
Dzień doberek INFO 2024-02-13T14:10:47.049669+0100 
siema siema DEBUG 2024-02-13T14:13:19.043678+0100 
To jest mój nowy logger DEBUG 2024-02-13T14:14:06.928900+0100 
Dzień doberek INFO 2024-02-13T14:14:06.929893+0100 
HEJ HEJ INFO 2024-02-13T14:16:41.793790+0100 
HEJ HEJ INFO 2024-02-13T14:16:41.793790+0100 
HEJ HEJ INFO 2024-02-13T14:17:06.171543+0100 
HEJ HEJ INFO 2024-02-13T14:17:06.171543+0100 
siema siema DEBUG 2024-02-13T14:17:06.172543+0100 
siema siema DEBUG 2024-02-13T14:17:06.172543+0100 
[1mAHA HEJ[0m INFO 2024-02-13T14:23:43.349572+0100 
[31mAHA HEJ[0m INFO 2024-02-13T14:23:43.349572+0100 
[1msiema siema[0m DEBUG 2024-02-13T14:23:43.350555+0100 
[31msiema siema[0m DEBUG 2024-02-13T14:23:43.350555+0100 
[1mAHA HEJ[0m INFO 2024-02-13T14:23:58.943122+0100 
[31mAHA HEJ[0m INFO 2024-02-13T14:23:58.943122+0100 
[1msiema siema[0m DEBUG 2024-02-13T14:23:58.944121+0100 
[31msiema siema[0m DEBUG 2024-02-13T14:23:58.944121+0100 
AHA HEJ INFO 2024-02-13T14:24:24.829283+0100 
AHA HEJ INFO 2024-02-13T14:24:24.829283+0100 
siema siema DEBUG 2024-02-13T14:24:24.830282+0100 
siema siema DEBUG 2024-02-13T14:24:24.830282+0100 
